22:29:13.878 [main] INFO  com.intuit.karate.Suite - backed up existing 'target\karate-reports' dir to: target\karate-reports_1702178953874
22:29:16.138 [main] INFO  com.intuit.karate.Suite - <<pass>> feature 1 of 1 (0 remaining) src/test/java/karateTest.feature
22:47:59.715 [main] DEBUG com.intuit.karate - request:
1 > POST https://petstore.swagger.io/v2
1 > Content-Type: application/json; charset=UTF-8
1 > Content-Length: 207
1 > Host: petstore.swagger.io
1 > Connection: Keep-Alive
1 > User-Agent: Apache-HttpClient/4.5.13 (Java/1.8.0_361)
1 > Accept-Encoding: gzip,deflate
{"name":"<string>","photoUrls":["<string>","<string>"],"id":"<long>","category":{"id":"<long>","name":"<string>"},"tags":[{"id":"<long>","name":"<string>"},{"id":"<long>","name":"<string>"}],"status":"sold"}

22:48:00.444 [main] DEBUG com.intuit.karate - response time in milliseconds: 724
1 < 404
1 < Date: Sun, 10 Dec 2023 03:47:50 GMT
1 < Content-Type: text/html
1 < Transfer-Encoding: chunked
1 < Connection: keep-alive
1 < Server: nginx
1 < Vary: Accept-Encoding
1 < Access-Control-Allow-Origin: *
1 < Access-Control-Allow-Methods: GET, POST, OPTIONS
1 < Access-Control-Allow-Headers: DNT,X-CustomHeader,Keep-Alive,User-Agent,X-Requested-With,If-Modified-Since,Cache-Control,Content-Type
<html>
<head><title>404 Not Found</title></head>
<body>
<center><h1>404 Not Found</h1></center>
<hr><center>nginx</center>
</body>
</html>


22:48:00.449 [main] ERROR com.intuit.karate - classpath:karateTest.feature:31
Then status 200
status code was: 404, expected: 200, response time in milliseconds: 724, url: https://petstore.swagger.io/v2, response: 
<html>
<head><title>404 Not Found</title></head>
<body>
<center><h1>404 Not Found</h1></center>
<hr><center>nginx</center>
</body>
</html>

classpath:karateTest.feature:31
22:48:32.736 [main] DEBUG com.intuit.karate - request:
1 > POST https://petstore.swagger.io/v2/pet
1 > Content-Type: application/json; charset=UTF-8
1 > Content-Length: 207
1 > Host: petstore.swagger.io
1 > Connection: Keep-Alive
1 > User-Agent: Apache-HttpClient/4.5.13 (Java/1.8.0_361)
1 > Accept-Encoding: gzip,deflate
{"name":"<string>","photoUrls":["<string>","<string>"],"id":"<long>","category":{"id":"<long>","name":"<string>"},"tags":[{"id":"<long>","name":"<string>"},{"id":"<long>","name":"<string>"}],"status":"sold"}

22:48:33.299 [main] DEBUG com.intuit.karate - response time in milliseconds: 557
1 < 500
1 < Date: Sun, 10 Dec 2023 03:48:23 GMT
1 < Content-Type: application/json
1 < Transfer-Encoding: chunked
1 < Connection: keep-alive
1 < Access-Control-Allow-Origin: *
1 < Access-Control-Allow-Methods: GET, POST, DELETE, PUT
1 < Access-Control-Allow-Headers: Content-Type, api_key, Authorization
1 < Server: Jetty(9.2.9.v20150224)
{"code":500,"type":"unknown","message":"something bad happened"}

22:48:33.303 [main] ERROR com.intuit.karate - classpath:karateTest.feature:31
Then status 200
status code was: 500, expected: 200, response time in milliseconds: 557, url: https://petstore.swagger.io/v2/pet, response: 
{"code":500,"type":"unknown","message":"something bad happened"}
classpath:karateTest.feature:31
23:02:50.220 [main] DEBUG com.intuit.karate - request:
1 > POST https://petstore.swagger.io/v2/pet
1 > Content-Type: application/json; charset=UTF-8
1 > Content-Length: 138
1 > Host: petstore.swagger.io
1 > Connection: Keep-Alive
1 > User-Agent: Apache-HttpClient/4.5.13 (Java/1.8.0_361)
1 > Accept-Encoding: gzip,deflate
{"id":0,"category":{"id":0,"name":"string"},"name":"doggie","photoUrls":["string"],"tags":[{"id":0,"name":"string"}],"status":"available"}

23:02:50.982 [main] DEBUG com.intuit.karate - response time in milliseconds: 757
1 < 200
1 < Date: Sun, 10 Dec 2023 04:02:41 GMT
1 < Content-Type: application/json
1 < Transfer-Encoding: chunked
1 < Connection: keep-alive
1 < Access-Control-Allow-Origin: *
1 < Access-Control-Allow-Methods: GET, POST, DELETE, PUT
1 < Access-Control-Allow-Headers: Content-Type, api_key, Authorization
1 < Server: Jetty(9.2.9.v20150224)
{"id":9223372016900012907,"category":{"id":0,"name":"string"},"name":"doggie","photoUrls":["string"],"tags":[{"id":0,"name":"string"}],"status":"available"}

23:08:00.853 [main] DEBUG com.intuit.karate - request:
1 > POST https://petstore.swagger.io/v2/user/createWithArray
1 > Content-Type: application/json; charset=UTF-8
1 > Content-Length: 140
1 > Host: petstore.swagger.io
1 > Connection: Keep-Alive
1 > User-Agent: Apache-HttpClient/4.5.13 (Java/1.8.0_361)
1 > Accept-Encoding: gzip,deflate
[{"id":0,"username":"string","firstName":"string","lastName":"string","email":"string","password":"string","phone":"string","userStatus":0}]

23:08:01.701 [main] DEBUG com.intuit.karate - response time in milliseconds: 842
1 < 200
1 < Date: Sun, 10 Dec 2023 04:07:51 GMT
1 < Content-Type: application/json
1 < Transfer-Encoding: chunked
1 < Connection: keep-alive
1 < Access-Control-Allow-Origin: *
1 < Access-Control-Allow-Methods: GET, POST, DELETE, PUT
1 < Access-Control-Allow-Headers: Content-Type, api_key, Authorization
1 < Server: Jetty(9.2.9.v20150224)
{"code":200,"type":"unknown","message":"ok"}

23:21:01.097 [main] INFO  com.intuit.karate.Suite - backed up existing 'target\karate-reports' dir to: target\karate-reports_1702182061094
23:21:01.126 [main] INFO  c.intuit.karate.core.FeatureRuntime - found scenario at line: 2 - ^Crear un usuario$
23:21:02.547 [main] DEBUG com.intuit.karate - request:
1 > POST https://petstore.swagger.io/v2/user/createWithArray
1 > Content-Type: application/json; charset=UTF-8
1 > Content-Length: 152
1 > Host: petstore.swagger.io
1 > Connection: Keep-Alive
1 > User-Agent: Apache-HttpClient/4.5.13 (Java/1.8.0_361)
1 > Accept-Encoding: gzip,deflate
[{"id":0,"username":"Rodrigo","firstName":"Rodrigo","lastName":"Terán","email":"test@test.com","password":"12345","phone":"1234567890","userStatus":1}]

23:21:03.253 [main] DEBUG com.intuit.karate - response time in milliseconds: 703
1 < 200
1 < Date: Sun, 10 Dec 2023 04:20:53 GMT
1 < Content-Type: application/json
1 < Transfer-Encoding: chunked
1 < Connection: keep-alive
1 < Access-Control-Allow-Origin: *
1 < Access-Control-Allow-Methods: GET, POST, DELETE, PUT
1 < Access-Control-Allow-Headers: Content-Type, api_key, Authorization
1 < Server: Jetty(9.2.9.v20150224)
{"code":200,"type":"unknown","message":"ok"}

23:21:03.852 [main] INFO  com.intuit.karate.Suite - <<pass>> feature 1 of 1 (0 remaining) src/test/java/karateTest.feature
23:21:12.776 [main] DEBUG com.intuit.karate - request:
1 > POST https://petstore.swagger.io/v2/user/createWithArray
1 > Content-Type: application/json; charset=UTF-8
1 > Content-Length: 152
1 > Host: petstore.swagger.io
1 > Connection: Keep-Alive
1 > User-Agent: Apache-HttpClient/4.5.13 (Java/1.8.0_361)
1 > Accept-Encoding: gzip,deflate
[{"id":0,"username":"Rodrigo","firstName":"Rodrigo","lastName":"Terán","email":"test@test.com","password":"12345","phone":"1234567890","userStatus":1}]

23:21:13.341 [main] DEBUG com.intuit.karate - response time in milliseconds: 563
1 < 200
1 < Date: Sun, 10 Dec 2023 04:21:03 GMT
1 < Content-Type: application/json
1 < Transfer-Encoding: chunked
1 < Connection: keep-alive
1 < Access-Control-Allow-Origin: *
1 < Access-Control-Allow-Methods: GET, POST, DELETE, PUT
1 < Access-Control-Allow-Headers: Content-Type, api_key, Authorization
1 < Server: Jetty(9.2.9.v20150224)
{"code":200,"type":"unknown","message":"ok"}

23:21:13.354 [main] DEBUG com.intuit.karate - request:
1 > GET https://petstore.swagger.io/v2/user/rodrigo
1 > Host: petstore.swagger.io
1 > Connection: Keep-Alive
1 > User-Agent: Apache-HttpClient/4.5.13 (Java/1.8.0_361)
1 > Accept-Encoding: gzip,deflate


23:21:13.628 [main] DEBUG com.intuit.karate - response time in milliseconds: 273
1 < 404
1 < Date: Sun, 10 Dec 2023 04:21:03 GMT
1 < Content-Type: application/json
1 < Transfer-Encoding: chunked
1 < Connection: keep-alive
1 < Access-Control-Allow-Origin: *
1 < Access-Control-Allow-Methods: GET, POST, DELETE, PUT
1 < Access-Control-Allow-Headers: Content-Type, api_key, Authorization
1 < Server: Jetty(9.2.9.v20150224)
{"code":1,"type":"error","message":"User not found"}

23:21:13.630 [main] ERROR com.intuit.karate - classpath:karateTest.feature:25
Then status 200
status code was: 404, expected: 200, response time in milliseconds: 273, url: https://petstore.swagger.io/v2/user/rodrigo, response: 
{"code":1,"type":"error","message":"User not found"}
classpath:karateTest.feature:25
23:21:55.609 [main] DEBUG com.intuit.karate - request:
1 > POST https://petstore.swagger.io/v2/user/createWithArray
1 > Content-Type: application/json; charset=UTF-8
1 > Content-Length: 152
1 > Host: petstore.swagger.io
1 > Connection: Keep-Alive
1 > User-Agent: Apache-HttpClient/4.5.13 (Java/1.8.0_361)
1 > Accept-Encoding: gzip,deflate
[{"id":0,"username":"Rodrigo","firstName":"Rodrigo","lastName":"Terán","email":"test@test.com","password":"12345","phone":"1234567890","userStatus":1}]

23:21:56.172 [main] DEBUG com.intuit.karate - response time in milliseconds: 559
1 < 200
1 < Date: Sun, 10 Dec 2023 04:21:46 GMT
1 < Content-Type: application/json
1 < Transfer-Encoding: chunked
1 < Connection: keep-alive
1 < Access-Control-Allow-Origin: *
1 < Access-Control-Allow-Methods: GET, POST, DELETE, PUT
1 < Access-Control-Allow-Headers: Content-Type, api_key, Authorization
1 < Server: Jetty(9.2.9.v20150224)
{"code":200,"type":"unknown","message":"ok"}

23:21:56.187 [main] DEBUG com.intuit.karate - request:
1 > GET https://petstore.swagger.io/v2/user/Rodrigo
1 > Host: petstore.swagger.io
1 > Connection: Keep-Alive
1 > User-Agent: Apache-HttpClient/4.5.13 (Java/1.8.0_361)
1 > Accept-Encoding: gzip,deflate


23:21:56.462 [main] DEBUG com.intuit.karate - response time in milliseconds: 274
1 < 200
1 < Date: Sun, 10 Dec 2023 04:21:46 GMT
1 < Content-Type: application/json
1 < Transfer-Encoding: chunked
1 < Connection: keep-alive
1 < Access-Control-Allow-Origin: *
1 < Access-Control-Allow-Methods: GET, POST, DELETE, PUT
1 < Access-Control-Allow-Headers: Content-Type, api_key, Authorization
1 < Server: Jetty(9.2.9.v20150224)
{"id":9223372036854775807,"username":"Rodrigo","firstName":"Rodrigo","lastName":"Terán","email":"test@test.com","password":"12345","phone":"1234567890","userStatus":1}

23:27:10.350 [main] DEBUG com.intuit.karate - request:
1 > POST https://petstore.swagger.io/v2/user/createWithArray
1 > Content-Type: application/json; charset=UTF-8
1 > Content-Length: 152
1 > Host: petstore.swagger.io
1 > Connection: Keep-Alive
1 > User-Agent: Apache-HttpClient/4.5.13 (Java/1.8.0_361)
1 > Accept-Encoding: gzip,deflate
[{"id":0,"username":"Rodrigo","firstName":"Rodrigo","lastName":"Terán","email":"test@test.com","password":"12345","phone":"1234567890","userStatus":1}]

23:27:11.046 [main] DEBUG com.intuit.karate - response time in milliseconds: 692
1 < 200
1 < Date: Sun, 10 Dec 2023 04:27:01 GMT
1 < Content-Type: application/json
1 < Transfer-Encoding: chunked
1 < Connection: keep-alive
1 < Access-Control-Allow-Origin: *
1 < Access-Control-Allow-Methods: GET, POST, DELETE, PUT
1 < Access-Control-Allow-Headers: Content-Type, api_key, Authorization
1 < Server: Jetty(9.2.9.v20150224)
{"code":200,"type":"unknown","message":"ok"}

23:27:11.063 [main] DEBUG com.intuit.karate - request:
1 > GET https://petstore.swagger.io/v2/user/Rodrigo
1 > Host: petstore.swagger.io
1 > Connection: Keep-Alive
1 > User-Agent: Apache-HttpClient/4.5.13 (Java/1.8.0_361)
1 > Accept-Encoding: gzip,deflate


23:27:11.331 [main] DEBUG com.intuit.karate - response time in milliseconds: 267
1 < 200
1 < Date: Sun, 10 Dec 2023 04:27:01 GMT
1 < Content-Type: application/json
1 < Transfer-Encoding: chunked
1 < Connection: keep-alive
1 < Access-Control-Allow-Origin: *
1 < Access-Control-Allow-Methods: GET, POST, DELETE, PUT
1 < Access-Control-Allow-Headers: Content-Type, api_key, Authorization
1 < Server: Jetty(9.2.9.v20150224)
{"id":9223372036854775807,"username":"Rodrigo","firstName":"Rodrigo","lastName":"Terán","email":"test@test.com","password":"12345","phone":"1234567890","userStatus":1}

23:27:11.349 [main] DEBUG com.intuit.karate - request:
1 > PUT https://petstore.swagger.io/v2/user/Rodrigo
1 > Content-Type: application/json; charset=UTF-8
1 > Content-Length: 149
1 > Host: petstore.swagger.io
1 > Connection: Keep-Alive
1 > User-Agent: Apache-HttpClient/4.5.13 (Java/1.8.0_361)
1 > Accept-Encoding: gzip,deflate
{"id":0,"username":"Rodrigo","firstName":"Bryan","lastName":"Terán","email":"test1@test.com","password":"12345","phone":"1234567890","userStatus":1}

23:27:11.618 [main] DEBUG com.intuit.karate - response time in milliseconds: 268
1 < 200
1 < Date: Sun, 10 Dec 2023 04:27:01 GMT
1 < Content-Type: application/json
1 < Transfer-Encoding: chunked
1 < Connection: keep-alive
1 < Access-Control-Allow-Origin: *
1 < Access-Control-Allow-Methods: GET, POST, DELETE, PUT
1 < Access-Control-Allow-Headers: Content-Type, api_key, Authorization
1 < Server: Jetty(9.2.9.v20150224)
{"code":200,"type":"unknown","message":"9223372036854775807"}

23:30:32.445 [main] DEBUG com.intuit.karate - request:
1 > POST https://petstore.swagger.io/v2/user/createWithArray
1 > Content-Type: application/json; charset=UTF-8
1 > Content-Length: 152
1 > Host: petstore.swagger.io
1 > Connection: Keep-Alive
1 > User-Agent: Apache-HttpClient/4.5.13 (Java/1.8.0_361)
1 > Accept-Encoding: gzip,deflate
[{"id":0,"username":"Rodrigo","firstName":"Rodrigo","lastName":"Terán","email":"test@test.com","password":"12345","phone":"1234567890","userStatus":1}]

23:30:33.084 [main] DEBUG com.intuit.karate - response time in milliseconds: 633
1 < 200
1 < Date: Sun, 10 Dec 2023 04:30:23 GMT
1 < Content-Type: application/json
1 < Transfer-Encoding: chunked
1 < Connection: keep-alive
1 < Access-Control-Allow-Origin: *
1 < Access-Control-Allow-Methods: GET, POST, DELETE, PUT
1 < Access-Control-Allow-Headers: Content-Type, api_key, Authorization
1 < Server: Jetty(9.2.9.v20150224)
{"code":200,"type":"unknown","message":"ok"}

23:30:33.098 [main] DEBUG com.intuit.karate - request:
1 > GET https://petstore.swagger.io/v2/user/Rodrigo
1 > Host: petstore.swagger.io
1 > Connection: Keep-Alive
1 > User-Agent: Apache-HttpClient/4.5.13 (Java/1.8.0_361)
1 > Accept-Encoding: gzip,deflate


23:30:33.376 [main] DEBUG com.intuit.karate - response time in milliseconds: 278
1 < 200
1 < Date: Sun, 10 Dec 2023 04:30:23 GMT
1 < Content-Type: application/json
1 < Transfer-Encoding: chunked
1 < Connection: keep-alive
1 < Access-Control-Allow-Origin: *
1 < Access-Control-Allow-Methods: GET, POST, DELETE, PUT
1 < Access-Control-Allow-Headers: Content-Type, api_key, Authorization
1 < Server: Jetty(9.2.9.v20150224)
{"id":9223372036854775807,"username":"Rodrigo","firstName":"Rodrigo","lastName":"Terán","email":"test@test.com","password":"12345","phone":"1234567890","userStatus":1}

23:30:33.385 [main] DEBUG com.intuit.karate - request:
1 > PUT https://petstore.swagger.io/v2/user/Rodrigo
1 > Content-Type: application/json; charset=UTF-8
1 > Content-Length: 149
1 > Host: petstore.swagger.io
1 > Connection: Keep-Alive
1 > User-Agent: Apache-HttpClient/4.5.13 (Java/1.8.0_361)
1 > Accept-Encoding: gzip,deflate
{"id":0,"username":"Rodrigo","firstName":"Bryan","lastName":"Terán","email":"test1@test.com","password":"12345","phone":"1234567890","userStatus":1}

23:30:33.661 [main] DEBUG com.intuit.karate - response time in milliseconds: 276
1 < 200
1 < Date: Sun, 10 Dec 2023 04:30:23 GMT
1 < Content-Type: application/json
1 < Transfer-Encoding: chunked
1 < Connection: keep-alive
1 < Access-Control-Allow-Origin: *
1 < Access-Control-Allow-Methods: GET, POST, DELETE, PUT
1 < Access-Control-Allow-Headers: Content-Type, api_key, Authorization
1 < Server: Jetty(9.2.9.v20150224)
{"code":200,"type":"unknown","message":"9223372036854775807"}

23:30:33.671 [main] DEBUG com.intuit.karate - request:
1 > GET https://petstore.swagger.io/v2/user/Rodrigo
1 > Host: petstore.swagger.io
1 > Connection: Keep-Alive
1 > User-Agent: Apache-HttpClient/4.5.13 (Java/1.8.0_361)
1 > Accept-Encoding: gzip,deflate


23:30:33.932 [main] DEBUG com.intuit.karate - response time in milliseconds: 261
1 < 200
1 < Date: Sun, 10 Dec 2023 04:30:24 GMT
1 < Content-Type: application/json
1 < Transfer-Encoding: chunked
1 < Connection: keep-alive
1 < Access-Control-Allow-Origin: *
1 < Access-Control-Allow-Methods: GET, POST, DELETE, PUT
1 < Access-Control-Allow-Headers: Content-Type, api_key, Authorization
1 < Server: Jetty(9.2.9.v20150224)
{"id":9223372036854775807,"username":"Rodrigo","firstName":"Bryan","lastName":"Terán","email":"test1@test.com","password":"12345","phone":"1234567890","userStatus":1}

23:30:33.939 [main] DEBUG com.intuit.karate - request:
1 > DELETE https://petstore.swagger.io/v2/user/Rodrigo
1 > Host: petstore.swagger.io
1 > Connection: Keep-Alive
1 > User-Agent: Apache-HttpClient/4.5.13 (Java/1.8.0_361)
1 > Accept-Encoding: gzip,deflate


23:30:34.223 [main] DEBUG com.intuit.karate - response time in milliseconds: 282
1 < 200
1 < Date: Sun, 10 Dec 2023 04:30:24 GMT
1 < Content-Type: application/json
1 < Transfer-Encoding: chunked
1 < Connection: keep-alive
1 < Access-Control-Allow-Origin: *
1 < Access-Control-Allow-Methods: GET, POST, DELETE, PUT
1 < Access-Control-Allow-Headers: Content-Type, api_key, Authorization
1 < Server: Jetty(9.2.9.v20150224)
{"code":200,"type":"unknown","message":"Rodrigo"}

16:52:51.671 [main] INFO  com.intuit.karate.Suite - backed up existing 'target\karate-reports' dir to: target\karate-reports_1708984371668
16:52:51.695 [main] INFO  c.intuit.karate.core.FeatureRuntime - found scenario at line: 2 - ^Crear un usuario$
16:52:53.122 [main] DEBUG com.intuit.karate - request:
1 > POST https://petstore.swagger.io/v2/user/createWithArray
1 > Content-Type: application/json; charset=UTF-8
1 > Content-Length: 152
1 > Host: petstore.swagger.io
1 > Connection: Keep-Alive
1 > User-Agent: Apache-HttpClient/4.5.13 (Java/1.8.0_361)
1 > Accept-Encoding: gzip,deflate
[{"id":0,"username":"Rodrigo","firstName":"Rodrigo","lastName":"Terán","email":"test@test.com","password":"12345","phone":"1234567890","userStatus":1}]

16:52:53.850 [main] DEBUG com.intuit.karate - response time in milliseconds: 725
1 < 200
1 < Date: Mon, 26 Feb 2024 21:52:52 GMT
1 < Content-Type: application/json
1 < Transfer-Encoding: chunked
1 < Connection: keep-alive
1 < Access-Control-Allow-Origin: *
1 < Access-Control-Allow-Methods: GET, POST, DELETE, PUT
1 < Access-Control-Allow-Headers: Content-Type, api_key, Authorization
1 < Server: Jetty(9.2.9.v20150224)
{"code":200,"type":"unknown","message":"ok"}

16:52:54.401 [main] INFO  com.intuit.karate.Suite - <<pass>> feature 1 of 1 (0 remaining) src/test/java/karateTest.feature
16:53:04.092 [main] DEBUG com.intuit.karate - request:
1 > POST https://petstore.swagger.io/v2/user/createWithArray
1 > Content-Type: application/json; charset=UTF-8
1 > Content-Length: 152
1 > Host: petstore.swagger.io
1 > Connection: Keep-Alive
1 > User-Agent: Apache-HttpClient/4.5.13 (Java/1.8.0_361)
1 > Accept-Encoding: gzip,deflate
[{"id":0,"username":"Rodrigo","firstName":"Rodrigo","lastName":"Terán","email":"test@test.com","password":"12345","phone":"1234567890","userStatus":1}]

16:53:04.748 [main] DEBUG com.intuit.karate - response time in milliseconds: 651
1 < 200
1 < Date: Mon, 26 Feb 2024 21:53:03 GMT
1 < Content-Type: application/json
1 < Transfer-Encoding: chunked
1 < Connection: keep-alive
1 < Access-Control-Allow-Origin: *
1 < Access-Control-Allow-Methods: GET, POST, DELETE, PUT
1 < Access-Control-Allow-Headers: Content-Type, api_key, Authorization
1 < Server: Jetty(9.2.9.v20150224)
{"code":200,"type":"unknown","message":"ok"}

16:53:04.763 [main] DEBUG com.intuit.karate - request:
1 > GET https://petstore.swagger.io/v2/user/Rodrigo
1 > Host: petstore.swagger.io
1 > Connection: Keep-Alive
1 > User-Agent: Apache-HttpClient/4.5.13 (Java/1.8.0_361)
1 > Accept-Encoding: gzip,deflate


16:53:05.071 [main] DEBUG com.intuit.karate - response time in milliseconds: 306
1 < 200
1 < Date: Mon, 26 Feb 2024 21:53:04 GMT
1 < Content-Type: application/json
1 < Transfer-Encoding: chunked
1 < Connection: keep-alive
1 < Access-Control-Allow-Origin: *
1 < Access-Control-Allow-Methods: GET, POST, DELETE, PUT
1 < Access-Control-Allow-Headers: Content-Type, api_key, Authorization
1 < Server: Jetty(9.2.9.v20150224)
{"id":9223372036854775807,"username":"Rodrigo","firstName":"Rodrigo","lastName":"Terán","email":"test@test.com","password":"12345","phone":"1234567890","userStatus":1}

16:53:05.081 [main] DEBUG com.intuit.karate - request:
1 > PUT https://petstore.swagger.io/v2/user/Rodrigo
1 > Content-Type: application/json; charset=UTF-8
1 > Content-Length: 149
1 > Host: petstore.swagger.io
1 > Connection: Keep-Alive
1 > User-Agent: Apache-HttpClient/4.5.13 (Java/1.8.0_361)
1 > Accept-Encoding: gzip,deflate
{"id":0,"username":"Rodrigo","firstName":"Bryan","lastName":"Terán","email":"test1@test.com","password":"12345","phone":"1234567890","userStatus":1}

16:53:05.387 [main] DEBUG com.intuit.karate - response time in milliseconds: 306
1 < 200
1 < Date: Mon, 26 Feb 2024 21:53:04 GMT
1 < Content-Type: application/json
1 < Transfer-Encoding: chunked
1 < Connection: keep-alive
1 < Access-Control-Allow-Origin: *
1 < Access-Control-Allow-Methods: GET, POST, DELETE, PUT
1 < Access-Control-Allow-Headers: Content-Type, api_key, Authorization
1 < Server: Jetty(9.2.9.v20150224)
{"code":200,"type":"unknown","message":"9223372036854775807"}

16:53:05.395 [main] DEBUG com.intuit.karate - request:
1 > GET https://petstore.swagger.io/v2/user/Rodrigo
1 > Host: petstore.swagger.io
1 > Connection: Keep-Alive
1 > User-Agent: Apache-HttpClient/4.5.13 (Java/1.8.0_361)
1 > Accept-Encoding: gzip,deflate


16:53:05.703 [main] DEBUG com.intuit.karate - response time in milliseconds: 308
1 < 200
1 < Date: Mon, 26 Feb 2024 21:53:04 GMT
1 < Content-Type: application/json
1 < Transfer-Encoding: chunked
1 < Connection: keep-alive
1 < Access-Control-Allow-Origin: *
1 < Access-Control-Allow-Methods: GET, POST, DELETE, PUT
1 < Access-Control-Allow-Headers: Content-Type, api_key, Authorization
1 < Server: Jetty(9.2.9.v20150224)
{"id":9223372036854775807,"username":"Rodrigo","firstName":"Bryan","lastName":"Terán","email":"test1@test.com","password":"12345","phone":"1234567890","userStatus":1}

16:53:05.709 [main] DEBUG com.intuit.karate - request:
1 > DELETE https://petstore.swagger.io/v2/user/Rodrigo
1 > Host: petstore.swagger.io
1 > Connection: Keep-Alive
1 > User-Agent: Apache-HttpClient/4.5.13 (Java/1.8.0_361)
1 > Accept-Encoding: gzip,deflate


16:53:06.017 [main] DEBUG com.intuit.karate - response time in milliseconds: 307
1 < 200
1 < Date: Mon, 26 Feb 2024 21:53:05 GMT
1 < Content-Type: application/json
1 < Transfer-Encoding: chunked
1 < Connection: keep-alive
1 < Access-Control-Allow-Origin: *
1 < Access-Control-Allow-Methods: GET, POST, DELETE, PUT
1 < Access-Control-Allow-Headers: Content-Type, api_key, Authorization
1 < Server: Jetty(9.2.9.v20150224)
{"code":200,"type":"unknown","message":"Rodrigo"}

